[2023/05/05 02:34:00] TRACE  N1 [REINICIAR SERVICIO] - (6574554378) reinicio de servicio exitoso.  
[2023/05/05 02:34:02] TRACE  N1 [REINICIAR SERVICIO] - (6574554378) reinicio de servicio exitoso.  
[2023/05/05 02:34:02] TRACE  N1 [REINICIAR SERVICIO] - (6574554378) reinicio de servicio exitoso.  
[2023/05/05 02:34:02] TRACE  N1 [REINICIAR SERVICIO] - (6574554378) reinicio de servicio exitoso.  
[2023/05/05 02:34:02] TRACE  N1 [REINICIAR SERVICIO] - (6574554378) reinicio de servicio exitoso.  
[2023/05/05 02:34:02] TRACE  N1 [REINICIAR SERVICIO] - (6574554378) reinicio de servicio exitoso.  
[2023/05/05 02:34:02] TRACE  N1 [REINICIAR SERVICIO] - (6574554378) reinicio de servicio exitoso.  
[2023/05/05 02:34:20] TRACE  N1 [REINICIAR SERVICIO] - (5576276530) reinicio de servicio exitoso.  
[2023/05/05 02:34:20] TRACE  N1 [REINICIAR SERVICIO] - (5576276530) reinicio de servicio exitoso.  
[2023/05/05 02:34:20] TRACE  N1 [REINICIAR SERVICIO] - (5576276530) reinicio de servicio exitoso.  
[2023/05/05 02:34:20] TRACE  N1 [REINICIAR SERVICIO] - (5576276530) reinicio de servicio exitoso.  
[2023/05/05 02:34:20] TRACE  N1 [REINICIAR SERVICIO] - (5576276530) reinicio de servicio exitoso.  
[2023/05/05 11:23:11] TRACE  N1 [REINICIAR SERVICIO] - (9217844532) reinicio de servicio exitoso.  
[2023/05/05 11:23:51] TRACE  N2 - [CONTRASENA CAMBIADA] (9217844532) cambio de contrasena exitoso.  
[2023/05/07 04:34:53] TRACE  N1 [REINICIAR SERVICIO] - (7696660230) reinicio de servicio exitoso.  
[2023/05/08 16:47:25] TRACE  N1 [REINICIAR SERVICIO] - (8555028498) reinicio de servicio exitoso.  
[2023/05/08 16:52:30] TRACE  N1 [REINICIAR SERVICIO] - (4756540755) reinicio de servicio exitoso.  
[2023/05/08 18:24:36] TRACE  N1 [REINICIAR SERVICIO] - (8753688030) reinicio de servicio exitoso.  
[2023/05/08 18:24:36] TRACE  N1 [REINICIAR SERVICIO] - (8753688030) reinicio de servicio exitoso.  
[2023/05/08 18:24:37] TRACE  N1 [REINICIAR SERVICIO] - (8753688030) reinicio de servicio exitoso.  
[2023/05/08 18:24:37] TRACE  N1 [REINICIAR SERVICIO] - (8753688030) reinicio de servicio exitoso.  
[2023/05/08 18:24:37] TRACE  N1 [REINICIAR SERVICIO] - (8753688030) reinicio de servicio exitoso.  
[2023/05/08 18:24:38] TRACE  N1 [REINICIAR SERVICIO] - (8753688030) reinicio de servicio exitoso.  
[2023/05/08 18:25:25] TRACE  N1 [REINICIAR SERVICIO] - (8753688030) reinicio de servicio exitoso.  
[2023/05/08 18:34:31] TRACE  N1 [REINICIAR SERVICIO] - (5978629546) reinicio de servicio exitoso.  
[2023/05/08 18:34:31] TRACE  N1 [REINICIAR SERVICIO] - (5978629546) reinicio de servicio exitoso.  
[2023/05/08 18:34:31] TRACE  N1 [REINICIAR SERVICIO] - (5978629546) reinicio de servicio exitoso.  
[2023/05/08 18:34:31] TRACE  N1 [REINICIAR SERVICIO] - (5978629546) reinicio de servicio exitoso.  
[2023/05/08 18:34:31] TRACE  N1 [REINICIAR SERVICIO] - (5978629546) reinicio de servicio exitoso.  
[2023/05/08 18:34:32] TRACE  N1 [REINICIAR SERVICIO] - (5978629546) reinicio de servicio exitoso.  
[2023/05/08 18:52:44] TRACE  N1 [REINICIAR SERVICIO] - (2499204669) reinicio de servicio exitoso.  
[2023/05/08 18:52:45] TRACE  N1 [REINICIAR SERVICIO] - (2499204669) reinicio de servicio exitoso.  
[2023/05/08 18:52:45] TRACE  N1 [REINICIAR SERVICIO] - (2499204669) reinicio de servicio exitoso.  
[2023/05/08 18:54:28] TRACE  N1 [REINICIAR SERVICIO] - (4107760907) reinicio de servicio exitoso.  
[2023/05/08 18:54:28] TRACE  N1 [REINICIAR SERVICIO] - (4107760907) reinicio de servicio exitoso.  
[2023/05/08 18:54:28] TRACE  N1 [REINICIAR SERVICIO] - (4107760907) reinicio de servicio exitoso.  
[2023/05/09 12:22:39] TRACE  N1 [REINICIAR SERVICIO] - (5657638662) reinicio de servicio exitoso.  
[2023/05/09 12:22:39] TRACE  N1 [REINICIAR SERVICIO] - (5657638662) reinicio de servicio exitoso.  
[2023/05/09 12:22:40] TRACE  N1 [REINICIAR SERVICIO] - (5657638662) reinicio de servicio exitoso.  
[2023/05/09 12:22:40] TRACE  N1 [REINICIAR SERVICIO] - (5657638662) reinicio de servicio exitoso.  
[2023/05/09 12:22:41] TRACE  N1 [REINICIAR SERVICIO] - (5657638662) reinicio de servicio exitoso.  
[2023/05/09 12:25:02] TRACE  N1 [REINICIAR SERVICIO] - (2909483909) reinicio de servicio exitoso.  
[2023/05/09 12:25:02] TRACE  N1 [REINICIAR SERVICIO] - (2909483909) reinicio de servicio exitoso.  
[2023/05/09 12:25:02] TRACE  N1 [REINICIAR SERVICIO] - (2909483909) reinicio de servicio exitoso.  
[2023/05/09 12:25:04] TRACE  N1 [REINICIAR SERVICIO] - (2909483909) reinicio de servicio exitoso.  
[2023/05/09 12:31:28] TRACE  N1 [REINICIAR SERVICIO] - (9229648456) reinicio de servicio exitoso.  
[2023/05/09 12:31:28] TRACE  N1 [REINICIAR SERVICIO] - (9229648456) reinicio de servicio exitoso.  
[2023/05/09 12:31:28] TRACE  N1 [REINICIAR SERVICIO] - (9229648456) reinicio de servicio exitoso.  
[2023/05/09 12:36:36] TRACE  N1 [REINICIAR SERVICIO] - (8892649707) reinicio de servicio exitoso.  
[2023/05/09 12:38:50] TRACE  N1 [REINICIAR SERVICIO] - (8405529755) reinicio de servicio exitoso.  
[2023/05/09 12:38:50] TRACE  N1 [REINICIAR SERVICIO] - (8405529755) reinicio de servicio exitoso.  
[2023/05/09 12:46:37] TRACE  N1 [REINICIAR SERVICIO] - (2030044905) reinicio de servicio exitoso.  
[2023/05/09 12:46:37] TRACE  N1 [REINICIAR SERVICIO] - (2030044905) reinicio de servicio exitoso.  
[2023/05/09 12:47:18] TRACE  N1 [REINICIAR SERVICIO] - (5699004650) reinicio de servicio exitoso.  
[2023/05/09 12:47:26] TRACE  N1 [REINICIAR SERVICIO] - (5699004650) reinicio de servicio exitoso.  
[2023/05/09 12:51:22] TRACE  N1 [REINICIAR SERVICIO] - (5650994836) reinicio de servicio exitoso.  
[2023/05/09 12:51:52] TRACE  N2 - [CONTRASENA CAMBIADA] (5650994836) cambio de contrasena exitoso.  
[2023/05/09 12:52:01] TRACE  N1 [REINICIAR SERVICIO] - (5650994836) reinicio de servicio exitoso.  
[2023/05/09 12:54:09] TRACE  N1 [REINICIAR SERVICIO] - (9087799457) reinicio de servicio exitoso.  
[2023/05/09 13:07:49] TRACE  N1 [REINICIAR SERVICIO] - (7419881314) reinicio de servicio exitoso.  
[2023/05/09 13:07:49] TRACE  N1 [REINICIAR SERVICIO] - (7419881314) reinicio de servicio exitoso.  
[2023/05/09 13:07:50] TRACE  N1 [REINICIAR SERVICIO] - (7419881314) reinicio de servicio exitoso.  
[2023/05/09 13:10:00] TRACE  N1 [REINICIAR SERVICIO] - (6812774926) reinicio de servicio exitoso.  
[2023/05/09 13:10:00] TRACE  N1 [REINICIAR SERVICIO] - (6812774926) reinicio de servicio exitoso.  
[2023/05/09 13:17:13] TRACE  N1 [REINICIAR SERVICIO] - (8406408440) reinicio de servicio exitoso.  
[2023/05/09 13:17:13] TRACE  N1 [REINICIAR SERVICIO] - (8406408440) reinicio de servicio exitoso.  
[2023/05/09 13:19:07] TRACE  N1 [REINICIAR SERVICIO] - (0722495550) reinicio de servicio exitoso.  
[2023/05/09 16:41:25] TRACE  N1 [REINICIAR SERVICIO] - (3203861762) reinicio de servicio exitoso.  
[2023/05/09 16:41:26] TRACE  N1 [REINICIAR SERVICIO] - (3203861762) reinicio de servicio exitoso.  
[2023/05/09 16:41:26] TRACE  N1 [REINICIAR SERVICIO] - (3203861762) reinicio de servicio exitoso.  
[2023/05/09 16:53:23] INFO  N2 - [CONTRASENA CAMBIADA] (0496409788) cambio de contrasena exitoso.  
[2023/05/09 16:53:23] INFO  N2 - [CONTRASENA CAMBIADA] (0496409788) cambio de contrasena exitoso.  
[2023/05/09 16:54:27] INFO  N2 - [CONTRASENA CAMBIADA] (0496409788) cambio de contrasena exitoso.  
[2023/05/09 16:54:27] INFO  N2 - [CONTRASENA CAMBIADA] (0496409788) cambio de contrasena exitoso.  
[2023/05/09 16:54:27] INFO  N2 - [CONTRASENA CAMBIADA] (0496409788) cambio de contrasena exitoso.  
[2023/05/09 16:54:40] INFO  N2 - [CONTRASENA CAMBIADA] (0496409788) cambio de contrasena exitoso.  
[2023/05/09 16:54:40] INFO  N2 - [CONTRASENA CAMBIADA] (0496409788) cambio de contrasena exitoso.  
[2023/05/09 16:54:40] INFO  N2 - [CONTRASENA CAMBIADA] (0496409788) cambio de contrasena exitoso.  
[2023/05/09 16:54:40] INFO  N2 - [CONTRASENA CAMBIADA] (0496409788) cambio de contrasena exitoso.  
[2023/05/09 16:56:08] INFO  N2 - [CONTRASENA CAMBIADA] (0305683309) INFOOOOOOFFDSDIFDSXD  
[2023/05/09 16:56:08] INFO  N2 - [CONTRASENA CAMBIADA] (0305683309) INFOOOOOOFFDSDIFDSXD  
[2023/05/09 17:01:14] INFO  N2 - [CONTRASENA CAMBIADA] (9192881126) xdddd  
[2023/05/09 17:01:37] INFO  N2 - [CONTRASENA CAMBIADA] (9192881126) WENAAAAA   
[2023/05/09 18:21:11] TRACE  N1 [REINICIAR SERVICIO] - (1828068477) reinicio de servicio exitoso.  
[2023/05/09 18:35:14] TRACE  N1 [REINICIAR SERVICIO] - (8037312594) reinicio de servicio exitoso.  
[2023/05/09 18:35:14] TRACE  N1 [REINICIAR SERVICIO] - (8037312594) reinicio de servicio exitoso.  
[2023/05/09 18:42:09] TRACE  N1 [REINICIAR SERVICIO] - (2085031404) reinicio de servicio exitoso.  
